2020-01-31T16:14:40.040915+07:00 0 [Warning] [MY-011070] [Server] 'Disabling symbolic links using --skip-symbolic-links (or equivalent) is the default. Consider not using this option as it' is deprecated and will be removed in a future release.
2020-01-31T16:14:40.042380+07:00 0 [System] [MY-013169] [Server] /usr/sbin/mysqld (mysqld 8.0.19) initializing of server in progress as process 44
2020-01-31T16:14:46.412852+07:00 5 [Warning] [MY-010453] [Server] root@localhost is created with an empty password ! Please consider switching off the --initialize-insecure option.
2020-01-31T16:14:56.613645+07:00 0 [Warning] [MY-011070] [Server] 'Disabling symbolic links using --skip-symbolic-links (or equivalent) is the default. Consider not using this option as it' is deprecated and will be removed in a future release.
2020-01-31T16:14:56.620646+07:00 0 [System] [MY-010116] [Server] /usr/sbin/mysqld (mysqld 8.0.19) starting as process 94
2020-01-31T16:14:58.321241+07:00 0 [Warning] [MY-010068] [Server] CA certificate ca.pem is self signed.
2020-01-31T16:14:58.332477+07:00 0 [Warning] [MY-011810] [Server] Insecure configuration for --pid-file: Location '/var/run/mysqld' in the path is accessible to all OS users. Consider choosing a different directory.
2020-01-31T16:14:58.362613+07:00 0 [System] [MY-010931] [Server] /usr/sbin/mysqld: ready for connections. Version: '8.0.19'  socket: '/var/run/mysqld/mysqld.sock'  port: 0  MySQL Community Server - GPL.
2020-01-31T16:14:58.725637+07:00 0 [System] [MY-011323] [Server] X Plugin ready for connections. Socket: '/var/run/mysqld/mysqlx.sock'
2020-01-31T16:15:02.440435+07:00 14 [System] [MY-013172] [Server] Received SHUTDOWN from user root. Shutting down mysqld (Version: 8.0.19).
2020-01-31T16:15:03.644849+07:00 0 [System] [MY-010910] [Server] /usr/sbin/mysqld: Shutdown complete (mysqld 8.0.19)  MySQL Community Server - GPL.
2020-01-31T16:15:04.742468+07:00 0 [Warning] [MY-011070] [Server] 'Disabling symbolic links using --skip-symbolic-links (or equivalent) is the default. Consider not using this option as it' is deprecated and will be removed in a future release.
2020-01-31T16:15:04.743969+07:00 0 [System] [MY-010116] [Server] /usr/sbin/mysqld (mysqld 8.0.19) starting as process 1
2020-01-31T16:15:05.477404+07:00 0 [Warning] [MY-010068] [Server] CA certificate ca.pem is self signed.
2020-01-31T16:15:05.489706+07:00 0 [Warning] [MY-011810] [Server] Insecure configuration for --pid-file: Location '/var/run/mysqld' in the path is accessible to all OS users. Consider choosing a different directory.
2020-01-31T16:15:05.516938+07:00 0 [System] [MY-010931] [Server] /usr/sbin/mysqld: ready for connections. Version: '8.0.19'  socket: '/var/run/mysqld/mysqld.sock'  port: 3306  MySQL Community Server - GPL.
2020-01-31T16:15:05.614051+07:00 0 [System] [MY-011323] [Server] X Plugin ready for connections. Socket: '/var/run/mysqld/mysqlx.sock' bind-address: '::' port: 33060
2020-01-31T16:24:50.988766+07:00 0 [System] [MY-010910] [Server] /usr/sbin/mysqld: Shutdown complete (mysqld 8.0.19)  MySQL Community Server - GPL.
2020-01-31T16:25:05.679837+07:00 0 [Warning] [MY-011070] [Server] 'Disabling symbolic links using --skip-symbolic-links (or equivalent) is the default. Consider not using this option as it' is deprecated and will be removed in a future release.
2020-01-31T16:25:05.679964+07:00 0 [System] [MY-010116] [Server] /usr/sbin/mysqld (mysqld 8.0.19) starting as process 1
2020-01-31T16:25:06.373357+07:00 0 [Warning] [MY-010068] [Server] CA certificate ca.pem is self signed.
2020-01-31T16:25:06.384101+07:00 0 [Warning] [MY-011810] [Server] Insecure configuration for --pid-file: Location '/var/run/mysqld' in the path is accessible to all OS users. Consider choosing a different directory.
2020-01-31T16:25:06.420821+07:00 0 [System] [MY-010931] [Server] /usr/sbin/mysqld: ready for connections. Version: '8.0.19'  socket: '/var/run/mysqld/mysqld.sock'  port: 3306  MySQL Community Server - GPL.
2020-01-31T16:25:06.512436+07:00 0 [System] [MY-011323] [Server] X Plugin ready for connections. Socket: '/var/run/mysqld/mysqlx.sock' bind-address: '::' port: 33060
2020-01-31T16:48:16.131414+07:00 0 [System] [MY-010910] [Server] /usr/sbin/mysqld: Shutdown complete (mysqld 8.0.19)  MySQL Community Server - GPL.
2020-02-03T08:06:35.732807+07:00 0 [Warning] [MY-011070] [Server] 'Disabling symbolic links using --skip-symbolic-links (or equivalent) is the default. Consider not using this option as it' is deprecated and will be removed in a future release.
2020-02-03T08:06:35.749475+07:00 0 [System] [MY-010116] [Server] /usr/sbin/mysqld (mysqld 8.0.19) starting as process 1
2020-02-03T08:06:36.883820+07:00 0 [Warning] [MY-010068] [Server] CA certificate ca.pem is self signed.
2020-02-03T08:06:36.902157+07:00 0 [Warning] [MY-011810] [Server] Insecure configuration for --pid-file: Location '/var/run/mysqld' in the path is accessible to all OS users. Consider choosing a different directory.
2020-02-03T08:06:36.960611+07:00 0 [System] [MY-010931] [Server] /usr/sbin/mysqld: ready for connections. Version: '8.0.19'  socket: '/var/run/mysqld/mysqld.sock'  port: 3306  MySQL Community Server - GPL.
2020-02-03T08:06:37.009780+07:00 0 [System] [MY-011323] [Server] X Plugin ready for connections. Socket: '/var/run/mysqld/mysqlx.sock' bind-address: '::' port: 33060
2020-02-03T08:09:44.304913+07:00 0 [System] [MY-010910] [Server] /usr/sbin/mysqld: Shutdown complete (mysqld 8.0.19)  MySQL Community Server - GPL.
2020-02-03T08:16:32.489257+07:00 0 [Warning] [MY-011070] [Server] 'Disabling symbolic links using --skip-symbolic-links (or equivalent) is the default. Consider not using this option as it' is deprecated and will be removed in a future release.
2020-02-03T08:16:32.497238+07:00 0 [System] [MY-010116] [Server] /usr/sbin/mysqld (mysqld 8.0.19) starting as process 1
2020-02-03T08:16:34.098006+07:00 0 [Warning] [MY-010068] [Server] CA certificate ca.pem is self signed.
2020-02-03T08:16:34.124278+07:00 0 [Warning] [MY-011810] [Server] Insecure configuration for --pid-file: Location '/var/run/mysqld' in the path is accessible to all OS users. Consider choosing a different directory.
2020-02-03T08:16:34.186251+07:00 0 [System] [MY-010931] [Server] /usr/sbin/mysqld: ready for connections. Version: '8.0.19'  socket: '/var/run/mysqld/mysqld.sock'  port: 3306  MySQL Community Server - GPL.
2020-02-03T08:16:34.414811+07:00 0 [System] [MY-011323] [Server] X Plugin ready for connections. Socket: '/var/run/mysqld/mysqlx.sock' bind-address: '::' port: 33060
2020-02-03T08:17:06.359823+07:00 0 [System] [MY-010910] [Server] /usr/sbin/mysqld: Shutdown complete (mysqld 8.0.19)  MySQL Community Server - GPL.
2020-02-03T08:27:25.010792+07:00 0 [Warning] [MY-011070] [Server] 'Disabling symbolic links using --skip-symbolic-links (or equivalent) is the default. Consider not using this option as it' is deprecated and will be removed in a future release.
2020-02-03T08:27:25.011010+07:00 0 [System] [MY-010116] [Server] /usr/sbin/mysqld (mysqld 8.0.19) starting as process 1
2020-02-03T08:27:26.567722+07:00 0 [Warning] [MY-010068] [Server] CA certificate ca.pem is self signed.
2020-02-03T08:27:26.579502+07:00 0 [Warning] [MY-011810] [Server] Insecure configuration for --pid-file: Location '/var/run/mysqld' in the path is accessible to all OS users. Consider choosing a different directory.
2020-02-03T08:27:26.642461+07:00 0 [System] [MY-010931] [Server] /usr/sbin/mysqld: ready for connections. Version: '8.0.19'  socket: '/var/run/mysqld/mysqld.sock'  port: 3306  MySQL Community Server - GPL.
2020-02-03T08:27:26.885507+07:00 0 [System] [MY-011323] [Server] X Plugin ready for connections. Socket: '/var/run/mysqld/mysqlx.sock' bind-address: '::' port: 33060
2020-02-03T08:32:36.161522+07:00 0 [Warning] [MY-011070] [Server] 'Disabling symbolic links using --skip-symbolic-links (or equivalent) is the default. Consider not using this option as it' is deprecated and will be removed in a future release.
2020-02-03T08:32:36.161633+07:00 0 [System] [MY-010116] [Server] /usr/sbin/mysqld (mysqld 8.0.19) starting as process 1
2020-02-03T08:32:36.989720+07:00 0 [System] [MY-010229] [Server] Starting XA crash recovery...
2020-02-03T08:32:36.999028+07:00 0 [System] [MY-010232] [Server] XA crash recovery finished.
2020-02-03T08:32:37.102670+07:00 0 [Warning] [MY-010068] [Server] CA certificate ca.pem is self signed.
2020-02-03T08:32:37.114366+07:00 0 [Warning] [MY-011810] [Server] Insecure configuration for --pid-file: Location '/var/run/mysqld' in the path is accessible to all OS users. Consider choosing a different directory.
2020-02-03T08:32:37.154707+07:00 0 [System] [MY-010931] [Server] /usr/sbin/mysqld: ready for connections. Version: '8.0.19'  socket: '/var/run/mysqld/mysqld.sock'  port: 3306  MySQL Community Server - GPL.
2020-02-03T08:32:37.200596+07:00 0 [System] [MY-011323] [Server] X Plugin ready for connections. Socket: '/var/run/mysqld/mysqlx.sock' bind-address: '::' port: 33060
mbind: Operation not permitted
2020-02-03T08:36:09.346893+07:00 0 [Warning] [MY-011070] [Server] 'Disabling symbolic links using --skip-symbolic-links (or equivalent) is the default. Consider not using this option as it' is deprecated and will be removed in a future release.
2020-02-03T08:36:09.347034+07:00 0 [System] [MY-010116] [Server] /usr/sbin/mysqld (mysqld 8.0.19) starting as process 1
2020-02-03T08:36:10.148034+07:00 0 [Warning] [MY-010068] [Server] CA certificate ca.pem is self signed.
2020-02-03T08:36:10.157274+07:00 0 [Warning] [MY-011810] [Server] Insecure configuration for --pid-file: Location '/var/run/mysqld' in the path is accessible to all OS users. Consider choosing a different directory.
2020-02-03T08:36:10.190353+07:00 0 [System] [MY-010931] [Server] /usr/sbin/mysqld: ready for connections. Version: '8.0.19'  socket: '/var/run/mysqld/mysqld.sock'  port: 3306  MySQL Community Server - GPL.
2020-02-03T08:36:10.288452+07:00 0 [System] [MY-011323] [Server] X Plugin ready for connections. Socket: '/var/run/mysqld/mysqlx.sock' bind-address: '::' port: 33060
2020-02-03T08:36:55.508441+07:00 0 [System] [MY-010910] [Server] /usr/sbin/mysqld: Shutdown complete (mysqld 8.0.19)  MySQL Community Server - GPL.
2020-02-03T08:42:49.857148+07:00 0 [Warning] [MY-011070] [Server] 'Disabling symbolic links using --skip-symbolic-links (or equivalent) is the default. Consider not using this option as it' is deprecated and will be removed in a future release.
2020-02-03T08:42:49.857444+07:00 0 [System] [MY-013169] [Server] /usr/sbin/mysqld (mysqld 8.0.19) initializing of server in progress as process 45
2020-02-03T08:42:55.383190+07:00 5 [Warning] [MY-010453] [Server] root@localhost is created with an empty password ! Please consider switching off the --initialize-insecure option.
2020-02-03T08:43:01.501108+07:00 0 [Warning] [MY-011070] [Server] 'Disabling symbolic links using --skip-symbolic-links (or equivalent) is the default. Consider not using this option as it' is deprecated and will be removed in a future release.
2020-02-03T08:43:01.530034+07:00 0 [System] [MY-010116] [Server] /usr/sbin/mysqld (mysqld 8.0.19) starting as process 95
2020-02-03T08:43:03.044779+07:00 0 [Warning] [MY-010068] [Server] CA certificate ca.pem is self signed.
2020-02-03T08:43:03.056597+07:00 0 [Warning] [MY-011810] [Server] Insecure configuration for --pid-file: Location '/var/run/mysqld' in the path is accessible to all OS users. Consider choosing a different directory.
2020-02-03T08:43:03.098618+07:00 0 [System] [MY-010931] [Server] /usr/sbin/mysqld: ready for connections. Version: '8.0.19'  socket: '/var/run/mysqld/mysqld.sock'  port: 0  MySQL Community Server - GPL.
2020-02-03T08:43:03.336961+07:00 0 [System] [MY-011323] [Server] X Plugin ready for connections. Socket: '/var/run/mysqld/mysqlx.sock'
2020-02-03T08:43:06.852859+07:00 14 [System] [MY-013172] [Server] Received SHUTDOWN from user root. Shutting down mysqld (Version: 8.0.19).
2020-02-03T08:43:08.571170+07:00 0 [System] [MY-010910] [Server] /usr/sbin/mysqld: Shutdown complete (mysqld 8.0.19)  MySQL Community Server - GPL.
2020-02-03T08:43:09.194460+07:00 0 [Warning] [MY-011070] [Server] 'Disabling symbolic links using --skip-symbolic-links (or equivalent) is the default. Consider not using this option as it' is deprecated and will be removed in a future release.
2020-02-03T08:43:09.194607+07:00 0 [System] [MY-010116] [Server] /usr/sbin/mysqld (mysqld 8.0.19) starting as process 1
2020-02-03T08:43:09.979842+07:00 0 [Warning] [MY-010068] [Server] CA certificate ca.pem is self signed.
2020-02-03T08:43:09.988939+07:00 0 [Warning] [MY-011810] [Server] Insecure configuration for --pid-file: Location '/var/run/mysqld' in the path is accessible to all OS users. Consider choosing a different directory.
2020-02-03T08:43:10.018118+07:00 0 [System] [MY-010931] [Server] /usr/sbin/mysqld: ready for connections. Version: '8.0.19'  socket: '/var/run/mysqld/mysqld.sock'  port: 3306  MySQL Community Server - GPL.
2020-02-03T08:43:10.037906+07:00 0 [System] [MY-011323] [Server] X Plugin ready for connections. Socket: '/var/run/mysqld/mysqlx.sock' bind-address: '::' port: 33060
2020-02-03T08:43:44.312504+07:00 0 [System] [MY-010910] [Server] /usr/sbin/mysqld: Shutdown complete (mysqld 8.0.19)  MySQL Community Server - GPL.
2020-02-03T08:43:59.470918+07:00 0 [Warning] [MY-011070] [Server] 'Disabling symbolic links using --skip-symbolic-links (or equivalent) is the default. Consider not using this option as it' is deprecated and will be removed in a future release.
2020-02-03T08:43:59.471053+07:00 0 [System] [MY-010116] [Server] /usr/sbin/mysqld (mysqld 8.0.19) starting as process 1
2020-02-03T08:44:00.086429+07:00 0 [Warning] [MY-010068] [Server] CA certificate ca.pem is self signed.
2020-02-03T08:44:00.096115+07:00 0 [Warning] [MY-011810] [Server] Insecure configuration for --pid-file: Location '/var/run/mysqld' in the path is accessible to all OS users. Consider choosing a different directory.
2020-02-03T08:44:00.125316+07:00 0 [System] [MY-010931] [Server] /usr/sbin/mysqld: ready for connections. Version: '8.0.19'  socket: '/var/run/mysqld/mysqld.sock'  port: 3306  MySQL Community Server - GPL.
2020-02-03T08:44:00.252684+07:00 0 [System] [MY-011323] [Server] X Plugin ready for connections. Socket: '/var/run/mysqld/mysqlx.sock' bind-address: '::' port: 33060
2020-02-03T08:44:31.559347+07:00 0 [System] [MY-010910] [Server] /usr/sbin/mysqld: Shutdown complete (mysqld 8.0.19)  MySQL Community Server - GPL.
2020-02-03T08:50:45.485289+07:00 0 [Warning] [MY-011070] [Server] 'Disabling symbolic links using --skip-symbolic-links (or equivalent) is the default. Consider not using this option as it' is deprecated and will be removed in a future release.
2020-02-03T08:50:45.485398+07:00 0 [System] [MY-010116] [Server] /usr/sbin/mysqld (mysqld 8.0.19) starting as process 1
2020-02-03T08:50:46.281680+07:00 0 [Warning] [MY-010068] [Server] CA certificate ca.pem is self signed.
2020-02-03T08:50:46.292708+07:00 0 [Warning] [MY-011810] [Server] Insecure configuration for --pid-file: Location '/var/run/mysqld' in the path is accessible to all OS users. Consider choosing a different directory.
2020-02-03T08:50:46.330454+07:00 0 [System] [MY-010931] [Server] /usr/sbin/mysqld: ready for connections. Version: '8.0.19'  socket: '/var/run/mysqld/mysqld.sock'  port: 3306  MySQL Community Server - GPL.
2020-02-03T08:50:46.409626+07:00 0 [System] [MY-011323] [Server] X Plugin ready for connections. Socket: '/var/run/mysqld/mysqlx.sock' bind-address: '::' port: 33060
2020-02-03T08:51:38.603874+07:00 0 [System] [MY-010910] [Server] /usr/sbin/mysqld: Shutdown complete (mysqld 8.0.19)  MySQL Community Server - GPL.
2020-02-03T08:52:04.509681+07:00 0 [Warning] [MY-011070] [Server] 'Disabling symbolic links using --skip-symbolic-links (or equivalent) is the default. Consider not using this option as it' is deprecated and will be removed in a future release.
2020-02-03T08:52:04.509797+07:00 0 [System] [MY-010116] [Server] /usr/sbin/mysqld (mysqld 8.0.19) starting as process 1
2020-02-03T08:52:05.125850+07:00 0 [Warning] [MY-010068] [Server] CA certificate ca.pem is self signed.
2020-02-03T08:52:05.135440+07:00 0 [Warning] [MY-011810] [Server] Insecure configuration for --pid-file: Location '/var/run/mysqld' in the path is accessible to all OS users. Consider choosing a different directory.
2020-02-03T08:52:05.159777+07:00 0 [System] [MY-010931] [Server] /usr/sbin/mysqld: ready for connections. Version: '8.0.19'  socket: '/var/run/mysqld/mysqld.sock'  port: 3306  MySQL Community Server - GPL.
2020-02-03T08:52:05.244063+07:00 0 [System] [MY-011323] [Server] X Plugin ready for connections. Socket: '/var/run/mysqld/mysqlx.sock' bind-address: '::' port: 33060
2020-02-03T08:52:54.110209+07:00 0 [System] [MY-010910] [Server] /usr/sbin/mysqld: Shutdown complete (mysqld 8.0.19)  MySQL Community Server - GPL.
2020-02-03T08:53:14.083077+07:00 0 [Warning] [MY-011070] [Server] 'Disabling symbolic links using --skip-symbolic-links (or equivalent) is the default. Consider not using this option as it' is deprecated and will be removed in a future release.
2020-02-03T08:53:14.083193+07:00 0 [System] [MY-010116] [Server] /usr/sbin/mysqld (mysqld 8.0.19) starting as process 1
2020-02-03T08:53:14.804551+07:00 0 [Warning] [MY-010068] [Server] CA certificate ca.pem is self signed.
2020-02-03T08:53:14.814360+07:00 0 [Warning] [MY-011810] [Server] Insecure configuration for --pid-file: Location '/var/run/mysqld' in the path is accessible to all OS users. Consider choosing a different directory.
2020-02-03T08:53:14.836782+07:00 0 [System] [MY-010931] [Server] /usr/sbin/mysqld: ready for connections. Version: '8.0.19'  socket: '/var/run/mysqld/mysqld.sock'  port: 3306  MySQL Community Server - GPL.
2020-02-03T08:53:14.967197+07:00 0 [System] [MY-011323] [Server] X Plugin ready for connections. Socket: '/var/run/mysqld/mysqlx.sock' bind-address: '::' port: 33060
2020-02-03T08:53:30.262196+07:00 0 [System] [MY-010910] [Server] /usr/sbin/mysqld: Shutdown complete (mysqld 8.0.19)  MySQL Community Server - GPL.
2020-02-03T08:58:36.276750+07:00 0 [Warning] [MY-011070] [Server] 'Disabling symbolic links using --skip-symbolic-links (or equivalent) is the default. Consider not using this option as it' is deprecated and will be removed in a future release.
2020-02-03T08:58:36.277412+07:00 0 [System] [MY-010116] [Server] /usr/sbin/mysqld (mysqld 8.0.19) starting as process 1
2020-02-03T08:58:38.077835+07:00 0 [Warning] [MY-010068] [Server] CA certificate ca.pem is self signed.
2020-02-03T08:58:38.098160+07:00 0 [Warning] [MY-011810] [Server] Insecure configuration for --pid-file: Location '/var/run/mysqld' in the path is accessible to all OS users. Consider choosing a different directory.
2020-02-03T08:58:38.137115+07:00 0 [System] [MY-010931] [Server] /usr/sbin/mysqld: ready for connections. Version: '8.0.19'  socket: '/var/run/mysqld/mysqld.sock'  port: 3306  MySQL Community Server - GPL.
2020-02-03T08:58:38.396915+07:00 0 [System] [MY-011323] [Server] X Plugin ready for connections. Socket: '/var/run/mysqld/mysqlx.sock' bind-address: '::' port: 33060
mbind: Operation not permitted
mbind: Operation not permitted
2020-02-03T09:01:21.370433+07:00 0 [Warning] [MY-011070] [Server] 'Disabling symbolic links using --skip-symbolic-links (or equivalent) is the default. Consider not using this option as it' is deprecated and will be removed in a future release.
2020-02-03T09:01:21.370548+07:00 0 [System] [MY-010116] [Server] /usr/sbin/mysqld (mysqld 8.0.19) starting as process 1
2020-02-03T09:01:22.184288+07:00 0 [System] [MY-010229] [Server] Starting XA crash recovery...
2020-02-03T09:01:22.194440+07:00 0 [System] [MY-010232] [Server] XA crash recovery finished.
2020-02-03T09:01:22.250627+07:00 0 [Warning] [MY-010068] [Server] CA certificate ca.pem is self signed.
2020-02-03T09:01:22.260405+07:00 0 [Warning] [MY-011810] [Server] Insecure configuration for --pid-file: Location '/var/run/mysqld' in the path is accessible to all OS users. Consider choosing a different directory.
2020-02-03T09:01:22.293213+07:00 0 [System] [MY-010931] [Server] /usr/sbin/mysqld: ready for connections. Version: '8.0.19'  socket: '/var/run/mysqld/mysqld.sock'  port: 3306  MySQL Community Server - GPL.
2020-02-03T09:01:22.396435+07:00 0 [System] [MY-011323] [Server] X Plugin ready for connections. Socket: '/var/run/mysqld/mysqlx.sock' bind-address: '::' port: 33060
2020-02-03T09:06:47.630059+07:00 0 [Warning] [MY-011070] [Server] 'Disabling symbolic links using --skip-symbolic-links (or equivalent) is the default. Consider not using this option as it' is deprecated and will be removed in a future release.
2020-02-03T09:06:47.630194+07:00 0 [System] [MY-010116] [Server] /usr/sbin/mysqld (mysqld 8.0.19) starting as process 1
2020-02-03T09:06:48.731479+07:00 0 [Warning] [MY-010068] [Server] CA certificate ca.pem is self signed.
2020-02-03T09:06:48.742582+07:00 0 [Warning] [MY-011810] [Server] Insecure configuration for --pid-file: Location '/var/run/mysqld' in the path is accessible to all OS users. Consider choosing a different directory.
2020-02-03T09:06:48.791628+07:00 0 [System] [MY-010931] [Server] /usr/sbin/mysqld: ready for connections. Version: '8.0.19'  socket: '/var/run/mysqld/mysqld.sock'  port: 3306  MySQL Community Server - GPL.
2020-02-03T09:06:48.808667+07:00 0 [System] [MY-011323] [Server] X Plugin ready for connections. Socket: '/var/run/mysqld/mysqlx.sock' bind-address: '::' port: 33060
2020-02-03T09:07:16.077913+07:00 0 [System] [MY-010910] [Server] /usr/sbin/mysqld: Shutdown complete (mysqld 8.0.19)  MySQL Community Server - GPL.
2020-02-03T09:07:31.737364+07:00 0 [Warning] [MY-011070] [Server] 'Disabling symbolic links using --skip-symbolic-links (or equivalent) is the default. Consider not using this option as it' is deprecated and will be removed in a future release.
2020-02-03T09:07:31.737472+07:00 0 [System] [MY-010116] [Server] /usr/sbin/mysqld (mysqld 8.0.19) starting as process 1
2020-02-03T09:07:32.404082+07:00 0 [Warning] [MY-010068] [Server] CA certificate ca.pem is self signed.
2020-02-03T09:07:32.414447+07:00 0 [Warning] [MY-011810] [Server] Insecure configuration for --pid-file: Location '/var/run/mysqld' in the path is accessible to all OS users. Consider choosing a different directory.
2020-02-03T09:07:32.435778+07:00 0 [System] [MY-010931] [Server] /usr/sbin/mysqld: ready for connections. Version: '8.0.19'  socket: '/var/run/mysqld/mysqld.sock'  port: 3306  MySQL Community Server - GPL.
2020-02-03T09:07:32.554683+07:00 0 [System] [MY-011323] [Server] X Plugin ready for connections. Socket: '/var/run/mysqld/mysqlx.sock' bind-address: '::' port: 33060
2020-02-03T09:08:32.837277+07:00 0 [System] [MY-010910] [Server] /usr/sbin/mysqld: Shutdown complete (mysqld 8.0.19)  MySQL Community Server - GPL.
2020-02-03T09:08:46.064602+07:00 0 [Warning] [MY-011070] [Server] 'Disabling symbolic links using --skip-symbolic-links (or equivalent) is the default. Consider not using this option as it' is deprecated and will be removed in a future release.
2020-02-03T09:08:46.064706+07:00 0 [System] [MY-010116] [Server] /usr/sbin/mysqld (mysqld 8.0.19) starting as process 1
2020-02-03T09:08:46.988597+07:00 0 [Warning] [MY-010068] [Server] CA certificate ca.pem is self signed.
2020-02-03T09:08:47.009872+07:00 0 [Warning] [MY-011810] [Server] Insecure configuration for --pid-file: Location '/var/run/mysqld' in the path is accessible to all OS users. Consider choosing a different directory.
2020-02-03T09:08:47.062340+07:00 0 [System] [MY-010931] [Server] /usr/sbin/mysqld: ready for connections. Version: '8.0.19'  socket: '/var/run/mysqld/mysqld.sock'  port: 3306  MySQL Community Server - GPL.
2020-02-03T09:08:47.078983+07:00 0 [System] [MY-011323] [Server] X Plugin ready for connections. Socket: '/var/run/mysqld/mysqlx.sock' bind-address: '::' port: 33060
2020-02-03T09:09:04.357148+07:00 0 [System] [MY-010910] [Server] /usr/sbin/mysqld: Shutdown complete (mysqld 8.0.19)  MySQL Community Server - GPL.
2020-02-03T09:09:18.944331+07:00 0 [Warning] [MY-011070] [Server] 'Disabling symbolic links using --skip-symbolic-links (or equivalent) is the default. Consider not using this option as it' is deprecated and will be removed in a future release.
2020-02-03T09:09:18.944484+07:00 0 [System] [MY-010116] [Server] /usr/sbin/mysqld (mysqld 8.0.19) starting as process 1
2020-02-03T09:09:19.701460+07:00 0 [Warning] [MY-010068] [Server] CA certificate ca.pem is self signed.
2020-02-03T09:09:19.712698+07:00 0 [Warning] [MY-011810] [Server] Insecure configuration for --pid-file: Location '/var/run/mysqld' in the path is accessible to all OS users. Consider choosing a different directory.
2020-02-03T09:09:19.761465+07:00 0 [System] [MY-010931] [Server] /usr/sbin/mysqld: ready for connections. Version: '8.0.19'  socket: '/var/run/mysqld/mysqld.sock'  port: 3306  MySQL Community Server - GPL.
2020-02-03T09:09:19.794417+07:00 0 [System] [MY-011323] [Server] X Plugin ready for connections. Socket: '/var/run/mysqld/mysqlx.sock' bind-address: '::' port: 33060
2020-02-03T09:09:23.049704+07:00 0 [System] [MY-010910] [Server] /usr/sbin/mysqld: Shutdown complete (mysqld 8.0.19)  MySQL Community Server - GPL.
2020-02-03T09:09:38.783362+07:00 0 [Warning] [MY-011070] [Server] 'Disabling symbolic links using --skip-symbolic-links (or equivalent) is the default. Consider not using this option as it' is deprecated and will be removed in a future release.
2020-02-03T09:09:38.783491+07:00 0 [System] [MY-010116] [Server] /usr/sbin/mysqld (mysqld 8.0.19) starting as process 1
2020-02-03T09:09:39.367374+07:00 0 [Warning] [MY-010068] [Server] CA certificate ca.pem is self signed.
2020-02-03T09:09:39.377230+07:00 0 [Warning] [MY-011810] [Server] Insecure configuration for --pid-file: Location '/var/run/mysqld' in the path is accessible to all OS users. Consider choosing a different directory.
2020-02-03T09:09:39.401834+07:00 0 [System] [MY-010931] [Server] /usr/sbin/mysqld: ready for connections. Version: '8.0.19'  socket: '/var/run/mysqld/mysqld.sock'  port: 3306  MySQL Community Server - GPL.
2020-02-03T09:09:39.535535+07:00 0 [System] [MY-011323] [Server] X Plugin ready for connections. Socket: '/var/run/mysqld/mysqlx.sock' bind-address: '::' port: 33060
2020-02-03T09:11:00.888802+07:00 0 [System] [MY-010910] [Server] /usr/sbin/mysqld: Shutdown complete (mysqld 8.0.19)  MySQL Community Server - GPL.
2020-02-03T09:11:22.628305+07:00 0 [Warning] [MY-011070] [Server] 'Disabling symbolic links using --skip-symbolic-links (or equivalent) is the default. Consider not using this option as it' is deprecated and will be removed in a future release.
2020-02-03T09:11:22.628453+07:00 0 [System] [MY-010116] [Server] /usr/sbin/mysqld (mysqld 8.0.19) starting as process 1
2020-02-03T09:11:23.332039+07:00 0 [Warning] [MY-010068] [Server] CA certificate ca.pem is self signed.
2020-02-03T09:11:23.341369+07:00 0 [Warning] [MY-011810] [Server] Insecure configuration for --pid-file: Location '/var/run/mysqld' in the path is accessible to all OS users. Consider choosing a different directory.
2020-02-03T09:11:23.368706+07:00 0 [System] [MY-010931] [Server] /usr/sbin/mysqld: ready for connections. Version: '8.0.19'  socket: '/var/run/mysqld/mysqld.sock'  port: 3306  MySQL Community Server - GPL.
2020-02-03T09:11:23.471596+07:00 0 [System] [MY-011323] [Server] X Plugin ready for connections. Socket: '/var/run/mysqld/mysqlx.sock' bind-address: '::' port: 33060
2020-02-03T09:14:01.780321+07:00 0 [System] [MY-010910] [Server] /usr/sbin/mysqld: Shutdown complete (mysqld 8.0.19)  MySQL Community Server - GPL.
2020-02-03T09:14:16.584603+07:00 0 [Warning] [MY-011070] [Server] 'Disabling symbolic links using --skip-symbolic-links (or equivalent) is the default. Consider not using this option as it' is deprecated and will be removed in a future release.
2020-02-03T09:14:16.584714+07:00 0 [System] [MY-010116] [Server] /usr/sbin/mysqld (mysqld 8.0.19) starting as process 1
2020-02-03T09:14:17.395357+07:00 0 [Warning] [MY-010068] [Server] CA certificate ca.pem is self signed.
2020-02-03T09:14:17.409100+07:00 0 [Warning] [MY-011810] [Server] Insecure configuration for --pid-file: Location '/var/run/mysqld' in the path is accessible to all OS users. Consider choosing a different directory.
2020-02-03T09:14:17.432683+07:00 0 [System] [MY-010931] [Server] /usr/sbin/mysqld: ready for connections. Version: '8.0.19'  socket: '/var/run/mysqld/mysqld.sock'  port: 3306  MySQL Community Server - GPL.
2020-02-03T09:14:17.556719+07:00 0 [System] [MY-011323] [Server] X Plugin ready for connections. Socket: '/var/run/mysqld/mysqlx.sock' bind-address: '::' port: 33060
2020-02-03T09:14:35.765806+07:00 0 [System] [MY-010910] [Server] /usr/sbin/mysqld: Shutdown complete (mysqld 8.0.19)  MySQL Community Server - GPL.
2020-02-03T09:17:02.971212+07:00 0 [Warning] [MY-011070] [Server] 'Disabling symbolic links using --skip-symbolic-links (or equivalent) is the default. Consider not using this option as it' is deprecated and will be removed in a future release.
2020-02-03T09:17:02.971319+07:00 0 [System] [MY-010116] [Server] /usr/sbin/mysqld (mysqld 8.0.19) starting as process 1
2020-02-03T09:17:03.998980+07:00 0 [Warning] [MY-010068] [Server] CA certificate ca.pem is self signed.
2020-02-03T09:17:04.017972+07:00 0 [Warning] [MY-011810] [Server] Insecure configuration for --pid-file: Location '/var/run/mysqld' in the path is accessible to all OS users. Consider choosing a different directory.
2020-02-03T09:17:04.150381+07:00 0 [System] [MY-010931] [Server] /usr/sbin/mysqld: ready for connections. Version: '8.0.19'  socket: '/var/run/mysqld/mysqld.sock'  port: 3306  MySQL Community Server - GPL.
2020-02-03T09:17:04.321666+07:00 0 [System] [MY-011323] [Server] X Plugin ready for connections. Socket: '/var/run/mysqld/mysqlx.sock' bind-address: '::' port: 33060
2020-02-03T09:17:10.345129+07:00 0 [System] [MY-010910] [Server] /usr/sbin/mysqld: Shutdown complete (mysqld 8.0.19)  MySQL Community Server - GPL.
2020-02-03T09:17:25.550045+07:00 0 [Warning] [MY-011070] [Server] 'Disabling symbolic links using --skip-symbolic-links (or equivalent) is the default. Consider not using this option as it' is deprecated and will be removed in a future release.
2020-02-03T09:17:25.550164+07:00 0 [System] [MY-010116] [Server] /usr/sbin/mysqld (mysqld 8.0.19) starting as process 1
2020-02-03T09:17:26.648777+07:00 0 [Warning] [MY-010068] [Server] CA certificate ca.pem is self signed.
2020-02-03T09:17:26.662634+07:00 0 [Warning] [MY-011810] [Server] Insecure configuration for --pid-file: Location '/var/run/mysqld' in the path is accessible to all OS users. Consider choosing a different directory.
2020-02-03T09:17:26.704464+07:00 0 [System] [MY-010931] [Server] /usr/sbin/mysqld: ready for connections. Version: '8.0.19'  socket: '/var/run/mysqld/mysqld.sock'  port: 3306  MySQL Community Server - GPL.
2020-02-03T09:17:26.980481+07:00 0 [System] [MY-011323] [Server] X Plugin ready for connections. Socket: '/var/run/mysqld/mysqlx.sock' bind-address: '::' port: 33060
2020-02-03T09:17:51.979055+07:00 0 [System] [MY-010910] [Server] /usr/sbin/mysqld: Shutdown complete (mysqld 8.0.19)  MySQL Community Server - GPL.
2020-02-03T09:18:07.911408+07:00 0 [Warning] [MY-011070] [Server] 'Disabling symbolic links using --skip-symbolic-links (or equivalent) is the default. Consider not using this option as it' is deprecated and will be removed in a future release.
2020-02-03T09:18:07.911528+07:00 0 [System] [MY-010116] [Server] /usr/sbin/mysqld (mysqld 8.0.19) starting as process 1
2020-02-03T09:18:09.094043+07:00 0 [Warning] [MY-010068] [Server] CA certificate ca.pem is self signed.
2020-02-03T09:18:09.106009+07:00 0 [Warning] [MY-011810] [Server] Insecure configuration for --pid-file: Location '/var/run/mysqld' in the path is accessible to all OS users. Consider choosing a different directory.
2020-02-03T09:18:09.162497+07:00 0 [System] [MY-010931] [Server] /usr/sbin/mysqld: ready for connections. Version: '8.0.19'  socket: '/var/run/mysqld/mysqld.sock'  port: 3306  MySQL Community Server - GPL.
2020-02-03T09:18:09.414483+07:00 0 [System] [MY-011323] [Server] X Plugin ready for connections. Socket: '/var/run/mysqld/mysqlx.sock' bind-address: '::' port: 33060
2020-02-03T09:18:42.425191+07:00 0 [System] [MY-010910] [Server] /usr/sbin/mysqld: Shutdown complete (mysqld 8.0.19)  MySQL Community Server - GPL.
2020-02-03T09:18:55.972211+07:00 0 [Warning] [MY-011070] [Server] 'Disabling symbolic links using --skip-symbolic-links (or equivalent) is the default. Consider not using this option as it' is deprecated and will be removed in a future release.
2020-02-03T09:18:55.972322+07:00 0 [System] [MY-010116] [Server] /usr/sbin/mysqld (mysqld 8.0.19) starting as process 1
2020-02-03T09:18:57.734482+07:00 0 [Warning] [MY-010068] [Server] CA certificate ca.pem is self signed.
2020-02-03T09:18:57.756396+07:00 0 [Warning] [MY-011810] [Server] Insecure configuration for --pid-file: Location '/var/run/mysqld' in the path is accessible to all OS users. Consider choosing a different directory.
2020-02-03T09:18:57.820798+07:00 0 [System] [MY-010931] [Server] /usr/sbin/mysqld: ready for connections. Version: '8.0.19'  socket: '/var/run/mysqld/mysqld.sock'  port: 3306  MySQL Community Server - GPL.
2020-02-03T09:18:58.056494+07:00 0 [System] [MY-011323] [Server] X Plugin ready for connections. Socket: '/var/run/mysqld/mysqlx.sock' bind-address: '::' port: 33060
2020-02-03T09:19:06.699825+07:00 0 [System] [MY-010910] [Server] /usr/sbin/mysqld: Shutdown complete (mysqld 8.0.19)  MySQL Community Server - GPL.
2020-02-03T09:19:20.919680+07:00 0 [Warning] [MY-011070] [Server] 'Disabling symbolic links using --skip-symbolic-links (or equivalent) is the default. Consider not using this option as it' is deprecated and will be removed in a future release.
2020-02-03T09:19:20.919861+07:00 0 [System] [MY-010116] [Server] /usr/sbin/mysqld (mysqld 8.0.19) starting as process 1
2020-02-03T09:19:21.664013+07:00 0 [Warning] [MY-010068] [Server] CA certificate ca.pem is self signed.
2020-02-03T09:19:21.673615+07:00 0 [Warning] [MY-011810] [Server] Insecure configuration for --pid-file: Location '/var/run/mysqld' in the path is accessible to all OS users. Consider choosing a different directory.
2020-02-03T09:19:21.728382+07:00 0 [System] [MY-010931] [Server] /usr/sbin/mysqld: ready for connections. Version: '8.0.19'  socket: '/var/run/mysqld/mysqld.sock'  port: 3306  MySQL Community Server - GPL.
2020-02-03T09:19:21.828030+07:00 0 [System] [MY-011323] [Server] X Plugin ready for connections. Socket: '/var/run/mysqld/mysqlx.sock' bind-address: '::' port: 33060
2020-02-03T09:19:27.042687+07:00 0 [System] [MY-010910] [Server] /usr/sbin/mysqld: Shutdown complete (mysqld 8.0.19)  MySQL Community Server - GPL.
2020-02-03T09:21:57.836431+07:00 0 [Warning] [MY-011070] [Server] 'Disabling symbolic links using --skip-symbolic-links (or equivalent) is the default. Consider not using this option as it' is deprecated and will be removed in a future release.
2020-02-03T09:21:57.836465+07:00 0 [Warning] [MY-010080] [Server] The use of InnoDB is mandatory since MySQL 5.7. The former options like '--innodb=0/1/OFF/ON' or '--skip-innodb' are ignored.
2020-02-03T09:21:57.836584+07:00 0 [System] [MY-010116] [Server] /usr/sbin/mysqld (mysqld 8.0.19) starting as process 1
2020-02-03T09:21:58.660933+07:00 0 [Warning] [MY-010068] [Server] CA certificate ca.pem is self signed.
2020-02-03T09:21:58.673110+07:00 0 [Warning] [MY-011810] [Server] Insecure configuration for --pid-file: Location '/var/run/mysqld' in the path is accessible to all OS users. Consider choosing a different directory.
2020-02-03T09:21:58.724006+07:00 0 [System] [MY-010931] [Server] /usr/sbin/mysqld: ready for connections. Version: '8.0.19'  socket: '/var/run/mysqld/mysqld.sock'  port: 3306  MySQL Community Server - GPL.
2020-02-03T09:21:58.806998+07:00 0 [System] [MY-011323] [Server] X Plugin ready for connections. Socket: '/var/run/mysqld/mysqlx.sock' bind-address: '::' port: 33060
2020-02-03T09:22:18.043961+07:00 0 [System] [MY-010910] [Server] /usr/sbin/mysqld: Shutdown complete (mysqld 8.0.19)  MySQL Community Server - GPL.
2020-02-03T09:25:16.832128+07:00 0 [Warning] [MY-011070] [Server] 'Disabling symbolic links using --skip-symbolic-links (or equivalent) is the default. Consider not using this option as it' is deprecated and will be removed in a future release.
2020-02-03T09:25:16.832152+07:00 0 [Warning] [MY-010080] [Server] The use of InnoDB is mandatory since MySQL 5.7. The former options like '--innodb=0/1/OFF/ON' or '--skip-innodb' are ignored.
2020-02-03T09:25:16.832261+07:00 0 [System] [MY-010116] [Server] /usr/sbin/mysqld (mysqld 8.0.19) starting as process 1
2020-02-03T09:25:17.974559+07:00 0 [Warning] [MY-010068] [Server] CA certificate ca.pem is self signed.
2020-02-03T09:25:17.988261+07:00 0 [Warning] [MY-011810] [Server] Insecure configuration for --pid-file: Location '/var/run/mysqld' in the path is accessible to all OS users. Consider choosing a different directory.
2020-02-03T09:25:18.032419+07:00 0 [System] [MY-010931] [Server] /usr/sbin/mysqld: ready for connections. Version: '8.0.19'  socket: '/var/run/mysqld/mysqld.sock'  port: 3306  MySQL Community Server - GPL.
2020-02-03T09:25:18.093197+07:00 0 [System] [MY-011323] [Server] X Plugin ready for connections. Socket: '/var/run/mysqld/mysqlx.sock' bind-address: '::' port: 33060
2020-02-03T09:25:27.347802+07:00 0 [System] [MY-010910] [Server] /usr/sbin/mysqld: Shutdown complete (mysqld 8.0.19)  MySQL Community Server - GPL.
2020-02-03T09:25:46.693489+07:00 0 [Warning] [MY-011070] [Server] 'Disabling symbolic links using --skip-symbolic-links (or equivalent) is the default. Consider not using this option as it' is deprecated and will be removed in a future release.
2020-02-03T09:25:46.693513+07:00 0 [Warning] [MY-010080] [Server] The use of InnoDB is mandatory since MySQL 5.7. The former options like '--innodb=0/1/OFF/ON' or '--skip-innodb' are ignored.
2020-02-03T09:25:46.693637+07:00 0 [System] [MY-010116] [Server] /usr/sbin/mysqld (mysqld 8.0.19) starting as process 1
2020-02-03T09:25:47.748871+07:00 0 [Warning] [MY-010068] [Server] CA certificate ca.pem is self signed.
2020-02-03T09:25:47.760709+07:00 0 [Warning] [MY-011810] [Server] Insecure configuration for --pid-file: Location '/var/run/mysqld' in the path is accessible to all OS users. Consider choosing a different directory.
2020-02-03T09:25:47.806979+07:00 0 [System] [MY-010931] [Server] /usr/sbin/mysqld: ready for connections. Version: '8.0.19'  socket: '/var/run/mysqld/mysqld.sock'  port: 3306  MySQL Community Server - GPL.
2020-02-03T09:25:47.881578+07:00 0 [System] [MY-011323] [Server] X Plugin ready for connections. Socket: '/var/run/mysqld/mysqlx.sock' bind-address: '::' port: 33060
2020-02-03T09:25:57.158261+07:00 0 [System] [MY-010910] [Server] /usr/sbin/mysqld: Shutdown complete (mysqld 8.0.19)  MySQL Community Server - GPL.
2020-02-03T09:28:21.352740+07:00 0 [Warning] [MY-011070] [Server] 'Disabling symbolic links using --skip-symbolic-links (or equivalent) is the default. Consider not using this option as it' is deprecated and will be removed in a future release.
2020-02-03T09:28:21.352767+07:00 0 [Warning] [MY-010080] [Server] The use of InnoDB is mandatory since MySQL 5.7. The former options like '--innodb=0/1/OFF/ON' or '--skip-innodb' are ignored.
2020-02-03T09:28:21.352885+07:00 0 [System] [MY-010116] [Server] /usr/sbin/mysqld (mysqld 8.0.19) starting as process 1
2020-02-03T09:28:22.434403+07:00 0 [Warning] [MY-010068] [Server] CA certificate ca.pem is self signed.
2020-02-03T09:28:22.453797+07:00 0 [Warning] [MY-011810] [Server] Insecure configuration for --pid-file: Location '/var/run/mysqld' in the path is accessible to all OS users. Consider choosing a different directory.
2020-02-03T09:28:22.492306+07:00 0 [System] [MY-010931] [Server] /usr/sbin/mysqld: ready for connections. Version: '8.0.19'  socket: '/var/run/mysqld/mysqld.sock'  port: 3306  MySQL Community Server - GPL.
2020-02-03T09:28:22.746491+07:00 0 [System] [MY-011323] [Server] X Plugin ready for connections. Socket: '/var/run/mysqld/mysqlx.sock' bind-address: '::' port: 33060
mbind: Operation not permitted
2020-02-03T09:28:57.911889+07:00 0 [Warning] [MY-010909] [Server] /usr/sbin/mysqld: Forcing close of thread 8  user: 'root'.
2020-02-03T09:28:57.912782+07:00 0 [Warning] [MY-010909] [Server] /usr/sbin/mysqld: Forcing close of thread 9  user: 'root'.
2020-02-03T09:28:58.771690+07:00 0 [System] [MY-010910] [Server] /usr/sbin/mysqld: Shutdown complete (mysqld 8.0.19)  MySQL Community Server - GPL.
2020-02-03T09:29:15.679958+07:00 0 [Warning] [MY-011070] [Server] 'Disabling symbolic links using --skip-symbolic-links (or equivalent) is the default. Consider not using this option as it' is deprecated and will be removed in a future release.
2020-02-03T09:29:15.679980+07:00 0 [Warning] [MY-010080] [Server] The use of InnoDB is mandatory since MySQL 5.7. The former options like '--innodb=0/1/OFF/ON' or '--skip-innodb' are ignored.
2020-02-03T09:29:15.680089+07:00 0 [System] [MY-010116] [Server] /usr/sbin/mysqld (mysqld 8.0.19) starting as process 1
2020-02-03T09:29:16.664308+07:00 0 [Warning] [MY-010068] [Server] CA certificate ca.pem is self signed.
2020-02-03T09:29:16.684244+07:00 0 [Warning] [MY-011810] [Server] Insecure configuration for --pid-file: Location '/var/run/mysqld' in the path is accessible to all OS users. Consider choosing a different directory.
2020-02-03T09:29:16.740202+07:00 0 [System] [MY-010931] [Server] /usr/sbin/mysqld: ready for connections. Version: '8.0.19'  socket: '/var/run/mysqld/mysqld.sock'  port: 3306  MySQL Community Server - GPL.
2020-02-03T09:29:16.935413+07:00 0 [System] [MY-011323] [Server] X Plugin ready for connections. Socket: '/var/run/mysqld/mysqlx.sock' bind-address: '::' port: 33060
2020-02-03T09:29:39.314760+07:00 0 [System] [MY-010910] [Server] /usr/sbin/mysqld: Shutdown complete (mysqld 8.0.19)  MySQL Community Server - GPL.
2020-02-03T09:29:54.049045+07:00 0 [Warning] [MY-011070] [Server] 'Disabling symbolic links using --skip-symbolic-links (or equivalent) is the default. Consider not using this option as it' is deprecated and will be removed in a future release.
2020-02-03T09:29:54.049070+07:00 0 [Warning] [MY-010080] [Server] The use of InnoDB is mandatory since MySQL 5.7. The former options like '--innodb=0/1/OFF/ON' or '--skip-innodb' are ignored.
2020-02-03T09:29:54.049206+07:00 0 [System] [MY-010116] [Server] /usr/sbin/mysqld (mysqld 8.0.19) starting as process 1
2020-02-03T09:29:55.736052+07:00 0 [Warning] [MY-010068] [Server] CA certificate ca.pem is self signed.
2020-02-03T09:29:55.761353+07:00 0 [Warning] [MY-011810] [Server] Insecure configuration for --pid-file: Location '/var/run/mysqld' in the path is accessible to all OS users. Consider choosing a different directory.
2020-02-03T09:29:55.875348+07:00 0 [System] [MY-010931] [Server] /usr/sbin/mysqld: ready for connections. Version: '8.0.19'  socket: '/var/run/mysqld/mysqld.sock'  port: 3306  MySQL Community Server - GPL.
2020-02-03T09:29:56.004460+07:00 0 [System] [MY-011323] [Server] X Plugin ready for connections. Socket: '/var/run/mysqld/mysqlx.sock' bind-address: '::' port: 33060
2020-02-03T09:30:49.858854+07:00 0 [System] [MY-010910] [Server] /usr/sbin/mysqld: Shutdown complete (mysqld 8.0.19)  MySQL Community Server - GPL.
2020-02-03T09:31:12.042195+07:00 0 [Warning] [MY-011070] [Server] 'Disabling symbolic links using --skip-symbolic-links (or equivalent) is the default. Consider not using this option as it' is deprecated and will be removed in a future release.
2020-02-03T09:31:12.042217+07:00 0 [Warning] [MY-010080] [Server] The use of InnoDB is mandatory since MySQL 5.7. The former options like '--innodb=0/1/OFF/ON' or '--skip-innodb' are ignored.
2020-02-03T09:31:12.042323+07:00 0 [System] [MY-010116] [Server] /usr/sbin/mysqld (mysqld 8.0.19) starting as process 1
2020-02-03T09:31:13.841375+07:00 0 [Warning] [MY-010068] [Server] CA certificate ca.pem is self signed.
2020-02-03T09:31:13.866676+07:00 0 [Warning] [MY-011810] [Server] Insecure configuration for --pid-file: Location '/var/run/mysqld' in the path is accessible to all OS users. Consider choosing a different directory.
2020-02-03T09:31:14.021106+07:00 0 [System] [MY-010931] [Server] /usr/sbin/mysqld: ready for connections. Version: '8.0.19'  socket: '/var/run/mysqld/mysqld.sock'  port: 3306  MySQL Community Server - GPL.
2020-02-03T09:31:14.187632+07:00 0 [System] [MY-011323] [Server] X Plugin ready for connections. Socket: '/var/run/mysqld/mysqlx.sock' bind-address: '::' port: 33060
2020-02-03T09:31:59.624072+07:00 0 [System] [MY-010910] [Server] /usr/sbin/mysqld: Shutdown complete (mysqld 8.0.19)  MySQL Community Server - GPL.
2020-02-03T09:34:56.497148+07:00 0 [Warning] [MY-011070] [Server] 'Disabling symbolic links using --skip-symbolic-links (or equivalent) is the default. Consider not using this option as it' is deprecated and will be removed in a future release.
2020-02-03T09:34:56.497584+07:00 0 [Warning] [MY-010080] [Server] The use of InnoDB is mandatory since MySQL 5.7. The former options like '--innodb=0/1/OFF/ON' or '--skip-innodb' are ignored.
2020-02-03T09:34:56.500474+07:00 0 [System] [MY-010116] [Server] /usr/sbin/mysqld (mysqld 8.0.19) starting as process 1
2020-02-03T09:34:58.274660+07:00 0 [Warning] [MY-010068] [Server] CA certificate ca.pem is self signed.
2020-02-03T09:34:58.293680+07:00 0 [Warning] [MY-011810] [Server] Insecure configuration for --pid-file: Location '/var/run/mysqld' in the path is accessible to all OS users. Consider choosing a different directory.
2020-02-03T09:34:58.374134+07:00 0 [System] [MY-010931] [Server] /usr/sbin/mysqld: ready for connections. Version: '8.0.19'  socket: '/var/run/mysqld/mysqld.sock'  port: 3306  MySQL Community Server - GPL.
2020-02-03T09:34:58.449602+07:00 0 [System] [MY-011323] [Server] X Plugin ready for connections. Socket: '/var/run/mysqld/mysqlx.sock' bind-address: '::' port: 33060
2020-02-03T09:49:54.709706+07:00 0 [System] [MY-010910] [Server] /usr/sbin/mysqld: Shutdown complete (mysqld 8.0.19)  MySQL Community Server - GPL.
2020-02-03T09:50:13.865559+07:00 0 [Warning] [MY-011070] [Server] 'Disabling symbolic links using --skip-symbolic-links (or equivalent) is the default. Consider not using this option as it' is deprecated and will be removed in a future release.
2020-02-03T09:50:13.865918+07:00 0 [Warning] [MY-010080] [Server] The use of InnoDB is mandatory since MySQL 5.7. The former options like '--innodb=0/1/OFF/ON' or '--skip-innodb' are ignored.
2020-02-03T09:50:13.873668+07:00 0 [System] [MY-010116] [Server] /usr/sbin/mysqld (mysqld 8.0.19) starting as process 1
2020-02-03T09:50:15.400528+07:00 0 [Warning] [MY-010068] [Server] CA certificate ca.pem is self signed.
2020-02-03T09:50:15.434063+07:00 0 [Warning] [MY-011810] [Server] Insecure configuration for --pid-file: Location '/var/run/mysqld' in the path is accessible to all OS users. Consider choosing a different directory.
2020-02-03T09:50:15.538480+07:00 0 [System] [MY-010931] [Server] /usr/sbin/mysqld: ready for connections. Version: '8.0.19'  socket: '/var/run/mysqld/mysqld.sock'  port: 3306  MySQL Community Server - GPL.
2020-02-03T09:50:15.801904+07:00 0 [System] [MY-011323] [Server] X Plugin ready for connections. Socket: '/var/run/mysqld/mysqlx.sock' bind-address: '::' port: 33060
2020-02-03T10:07:39.683429+07:00 0 [System] [MY-010910] [Server] /usr/sbin/mysqld: Shutdown complete (mysqld 8.0.19)  MySQL Community Server - GPL.
2020-02-03T10:07:53.495331+07:00 0 [Warning] [MY-011070] [Server] 'Disabling symbolic links using --skip-symbolic-links (or equivalent) is the default. Consider not using this option as it' is deprecated and will be removed in a future release.
2020-02-03T10:07:53.495630+07:00 0 [Warning] [MY-010080] [Server] The use of InnoDB is mandatory since MySQL 5.7. The former options like '--innodb=0/1/OFF/ON' or '--skip-innodb' are ignored.
2020-02-03T10:07:53.497497+07:00 0 [System] [MY-010116] [Server] /usr/sbin/mysqld (mysqld 8.0.19) starting as process 1
2020-02-03T10:07:55.307091+07:00 0 [Warning] [MY-010068] [Server] CA certificate ca.pem is self signed.
2020-02-03T10:07:55.328970+07:00 0 [Warning] [MY-011810] [Server] Insecure configuration for --pid-file: Location '/var/run/mysqld' in the path is accessible to all OS users. Consider choosing a different directory.
2020-02-03T10:07:55.391200+07:00 0 [System] [MY-010931] [Server] /usr/sbin/mysqld: ready for connections. Version: '8.0.19'  socket: '/var/run/mysqld/mysqld.sock'  port: 3306  MySQL Community Server - GPL.
2020-02-03T10:07:55.536722+07:00 0 [System] [MY-011323] [Server] X Plugin ready for connections. Socket: '/var/run/mysqld/mysqlx.sock' bind-address: '::' port: 33060
2020-02-03T10:18:46.511223+07:00 0 [System] [MY-010910] [Server] /usr/sbin/mysqld: Shutdown complete (mysqld 8.0.19)  MySQL Community Server - GPL.
2020-02-03T10:19:03.956930+07:00 0 [Warning] [MY-011070] [Server] 'Disabling symbolic links using --skip-symbolic-links (or equivalent) is the default. Consider not using this option as it' is deprecated and will be removed in a future release.
2020-02-03T10:19:03.956955+07:00 0 [Warning] [MY-010080] [Server] The use of InnoDB is mandatory since MySQL 5.7. The former options like '--innodb=0/1/OFF/ON' or '--skip-innodb' are ignored.
2020-02-03T10:19:03.957066+07:00 0 [System] [MY-010116] [Server] /usr/sbin/mysqld (mysqld 8.0.19) starting as process 1
2020-02-03T10:19:05.989764+07:00 0 [Warning] [MY-010068] [Server] CA certificate ca.pem is self signed.
2020-02-03T10:19:06.088072+07:00 0 [Warning] [MY-011810] [Server] Insecure configuration for --pid-file: Location '/var/run/mysqld' in the path is accessible to all OS users. Consider choosing a different directory.
2020-02-03T10:19:06.206066+07:00 0 [System] [MY-010931] [Server] /usr/sbin/mysqld: ready for connections. Version: '8.0.19'  socket: '/var/run/mysqld/mysqld.sock'  port: 3306  MySQL Community Server - GPL.
2020-02-03T10:19:06.350893+07:00 0 [System] [MY-011323] [Server] X Plugin ready for connections. Socket: '/var/run/mysqld/mysqlx.sock' bind-address: '::' port: 33060
2020-02-03T10:20:23.182324+07:00 0 [System] [MY-010910] [Server] /usr/sbin/mysqld: Shutdown complete (mysqld 8.0.19)  MySQL Community Server - GPL.
2020-02-03T10:25:09.742015+07:00 0 [Warning] [MY-011070] [Server] 'Disabling symbolic links using --skip-symbolic-links (or equivalent) is the default. Consider not using this option as it' is deprecated and will be removed in a future release.
2020-02-03T10:25:09.742924+07:00 0 [Warning] [MY-010080] [Server] The use of InnoDB is mandatory since MySQL 5.7. The former options like '--innodb=0/1/OFF/ON' or '--skip-innodb' are ignored.
2020-02-03T10:25:09.744884+07:00 0 [System] [MY-010116] [Server] /usr/sbin/mysqld (mysqld 8.0.19) starting as process 1
2020-02-03T10:25:10.711507+07:00 0 [Warning] [MY-010068] [Server] CA certificate ca.pem is self signed.
2020-02-03T10:25:10.723611+07:00 0 [Warning] [MY-011810] [Server] Insecure configuration for --pid-file: Location '/var/run/mysqld' in the path is accessible to all OS users. Consider choosing a different directory.
2020-02-03T10:25:10.765515+07:00 0 [System] [MY-010931] [Server] /usr/sbin/mysqld: ready for connections. Version: '8.0.19'  socket: '/var/run/mysqld/mysqld.sock'  port: 3306  MySQL Community Server - GPL.
2020-02-03T10:25:10.822530+07:00 0 [System] [MY-011323] [Server] X Plugin ready for connections. Socket: '/var/run/mysqld/mysqlx.sock' bind-address: '::' port: 33060
2020-02-03T10:27:52.224034+07:00 0 [System] [MY-010910] [Server] /usr/sbin/mysqld: Shutdown complete (mysqld 8.0.19)  MySQL Community Server - GPL.
2020-02-03T10:31:25.909620+07:00 0 [Warning] [MY-011070] [Server] 'Disabling symbolic links using --skip-symbolic-links (or equivalent) is the default. Consider not using this option as it' is deprecated and will be removed in a future release.
2020-02-03T10:31:25.909642+07:00 0 [Warning] [MY-010080] [Server] The use of InnoDB is mandatory since MySQL 5.7. The former options like '--innodb=0/1/OFF/ON' or '--skip-innodb' are ignored.
2020-02-03T10:31:25.909762+07:00 0 [System] [MY-010116] [Server] /usr/sbin/mysqld (mysqld 8.0.19) starting as process 1
2020-02-03T10:31:27.851725+07:00 0 [Warning] [MY-010068] [Server] CA certificate ca.pem is self signed.
2020-02-03T10:31:27.890637+07:00 0 [Warning] [MY-011810] [Server] Insecure configuration for --pid-file: Location '/var/run/mysqld' in the path is accessible to all OS users. Consider choosing a different directory.
2020-02-03T10:31:28.017042+07:00 0 [System] [MY-010931] [Server] /usr/sbin/mysqld: ready for connections. Version: '8.0.19'  socket: '/var/run/mysqld/mysqld.sock'  port: 3306  MySQL Community Server - GPL.
2020-02-03T10:31:28.262173+07:00 0 [System] [MY-011323] [Server] X Plugin ready for connections. Socket: '/var/run/mysqld/mysqlx.sock' bind-address: '::' port: 33060
2020-02-03T10:36:15.859542+07:00 0 [System] [MY-010910] [Server] /usr/sbin/mysqld: Shutdown complete (mysqld 8.0.19)  MySQL Community Server - GPL.
2020-02-03T10:36:28.301873+07:00 0 [Warning] [MY-011070] [Server] 'Disabling symbolic links using --skip-symbolic-links (or equivalent) is the default. Consider not using this option as it' is deprecated and will be removed in a future release.
2020-02-03T10:36:28.302339+07:00 0 [Warning] [MY-010080] [Server] The use of InnoDB is mandatory since MySQL 5.7. The former options like '--innodb=0/1/OFF/ON' or '--skip-innodb' are ignored.
2020-02-03T10:36:28.305189+07:00 0 [System] [MY-010116] [Server] /usr/sbin/mysqld (mysqld 8.0.19) starting as process 1
2020-02-03T10:36:30.236890+07:00 0 [Warning] [MY-010068] [Server] CA certificate ca.pem is self signed.
2020-02-03T10:36:30.266468+07:00 0 [Warning] [MY-011810] [Server] Insecure configuration for --pid-file: Location '/var/run/mysqld' in the path is accessible to all OS users. Consider choosing a different directory.
2020-02-03T10:36:30.557314+07:00 0 [System] [MY-010931] [Server] /usr/sbin/mysqld: ready for connections. Version: '8.0.19'  socket: '/var/run/mysqld/mysqld.sock'  port: 3306  MySQL Community Server - GPL.
2020-02-03T10:36:30.637292+07:00 0 [System] [MY-011323] [Server] X Plugin ready for connections. Socket: '/var/run/mysqld/mysqlx.sock' bind-address: '::' port: 33060
2020-02-03T10:44:33.441414+07:00 0 [System] [MY-010910] [Server] /usr/sbin/mysqld: Shutdown complete (mysqld 8.0.19)  MySQL Community Server - GPL.
2020-02-03T10:44:46.072971+07:00 0 [Warning] [MY-011070] [Server] 'Disabling symbolic links using --skip-symbolic-links (or equivalent) is the default. Consider not using this option as it' is deprecated and will be removed in a future release.
2020-02-03T10:44:46.073438+07:00 0 [Warning] [MY-010080] [Server] The use of InnoDB is mandatory since MySQL 5.7. The former options like '--innodb=0/1/OFF/ON' or '--skip-innodb' are ignored.
2020-02-03T10:44:46.075375+07:00 0 [System] [MY-010116] [Server] /usr/sbin/mysqld (mysqld 8.0.19) starting as process 1
2020-02-03T10:44:48.085923+07:00 0 [Warning] [MY-010068] [Server] CA certificate ca.pem is self signed.
2020-02-03T10:44:48.111223+07:00 0 [Warning] [MY-011810] [Server] Insecure configuration for --pid-file: Location '/var/run/mysqld' in the path is accessible to all OS users. Consider choosing a different directory.
2020-02-03T10:44:48.226088+07:00 0 [System] [MY-010931] [Server] /usr/sbin/mysqld: ready for connections. Version: '8.0.19'  socket: '/var/run/mysqld/mysqld.sock'  port: 3306  MySQL Community Server - GPL.
2020-02-03T10:44:48.323038+07:00 0 [System] [MY-011323] [Server] X Plugin ready for connections. Socket: '/var/run/mysqld/mysqlx.sock' bind-address: '::' port: 33060
2020-02-03T10:47:02.174992+07:00 0 [System] [MY-010910] [Server] /usr/sbin/mysqld: Shutdown complete (mysqld 8.0.19)  MySQL Community Server - GPL.
2020-02-03T10:47:14.867181+07:00 0 [Warning] [MY-011070] [Server] 'Disabling symbolic links using --skip-symbolic-links (or equivalent) is the default. Consider not using this option as it' is deprecated and will be removed in a future release.
2020-02-03T10:47:14.867217+07:00 0 [Warning] [MY-010080] [Server] The use of InnoDB is mandatory since MySQL 5.7. The former options like '--innodb=0/1/OFF/ON' or '--skip-innodb' are ignored.
2020-02-03T10:47:14.867331+07:00 0 [System] [MY-010116] [Server] /usr/sbin/mysqld (mysqld 8.0.19) starting as process 1
2020-02-03T10:47:15.998607+07:00 0 [Warning] [MY-010068] [Server] CA certificate ca.pem is self signed.
2020-02-03T10:47:16.037610+07:00 0 [Warning] [MY-011810] [Server] Insecure configuration for --pid-file: Location '/var/run/mysqld' in the path is accessible to all OS users. Consider choosing a different directory.
2020-02-03T10:47:16.117629+07:00 0 [System] [MY-010931] [Server] /usr/sbin/mysqld: ready for connections. Version: '8.0.19'  socket: '/var/run/mysqld/mysqld.sock'  port: 3306  MySQL Community Server - GPL.
2020-02-03T10:47:16.321690+07:00 0 [System] [MY-011323] [Server] X Plugin ready for connections. Socket: '/var/run/mysqld/mysqlx.sock' bind-address: '::' port: 33060
2020-02-03T11:08:21.140401+07:00 0 [System] [MY-010910] [Server] /usr/sbin/mysqld: Shutdown complete (mysqld 8.0.19)  MySQL Community Server - GPL.
2020-02-03T11:08:33.434931+07:00 0 [Warning] [MY-011070] [Server] 'Disabling symbolic links using --skip-symbolic-links (or equivalent) is the default. Consider not using this option as it' is deprecated and will be removed in a future release.
2020-02-03T11:08:33.435166+07:00 0 [Warning] [MY-010080] [Server] The use of InnoDB is mandatory since MySQL 5.7. The former options like '--innodb=0/1/OFF/ON' or '--skip-innodb' are ignored.
2020-02-03T11:08:33.440529+07:00 0 [System] [MY-010116] [Server] /usr/sbin/mysqld (mysqld 8.0.19) starting as process 1
2020-02-03T11:08:35.869085+07:00 0 [Warning] [MY-010068] [Server] CA certificate ca.pem is self signed.
2020-02-03T11:08:35.895546+07:00 0 [Warning] [MY-011810] [Server] Insecure configuration for --pid-file: Location '/var/run/mysqld' in the path is accessible to all OS users. Consider choosing a different directory.
2020-02-03T11:08:35.948162+07:00 0 [System] [MY-010931] [Server] /usr/sbin/mysqld: ready for connections. Version: '8.0.19'  socket: '/var/run/mysqld/mysqld.sock'  port: 3306  MySQL Community Server - GPL.
2020-02-03T11:08:36.050813+07:00 0 [System] [MY-011323] [Server] X Plugin ready for connections. Socket: '/var/run/mysqld/mysqlx.sock' bind-address: '::' port: 33060
2020-02-03T11:11:49.086943+07:00 0 [System] [MY-010910] [Server] /usr/sbin/mysqld: Shutdown complete (mysqld 8.0.19)  MySQL Community Server - GPL.
2020-02-03T11:12:02.290916+07:00 0 [Warning] [MY-011070] [Server] 'Disabling symbolic links using --skip-symbolic-links (or equivalent) is the default. Consider not using this option as it' is deprecated and will be removed in a future release.
2020-02-03T11:12:02.291371+07:00 0 [Warning] [MY-010080] [Server] The use of InnoDB is mandatory since MySQL 5.7. The former options like '--innodb=0/1/OFF/ON' or '--skip-innodb' are ignored.
2020-02-03T11:12:02.292969+07:00 0 [System] [MY-010116] [Server] /usr/sbin/mysqld (mysqld 8.0.19) starting as process 1
2020-02-03T11:12:04.252134+07:00 0 [Warning] [MY-010068] [Server] CA certificate ca.pem is self signed.
2020-02-03T11:12:04.302390+07:00 0 [Warning] [MY-011810] [Server] Insecure configuration for --pid-file: Location '/var/run/mysqld' in the path is accessible to all OS users. Consider choosing a different directory.
2020-02-03T11:12:04.381392+07:00 0 [System] [MY-010931] [Server] /usr/sbin/mysqld: ready for connections. Version: '8.0.19'  socket: '/var/run/mysqld/mysqld.sock'  port: 3306  MySQL Community Server - GPL.
2020-02-03T11:12:04.604161+07:00 0 [System] [MY-011323] [Server] X Plugin ready for connections. Socket: '/var/run/mysqld/mysqlx.sock' bind-address: '::' port: 33060
